<?xml version="1.0" encoding="UTF-8"?>
<testsuite xmlns:xsi="http://www.w3.org/2001/XMLSchema-instance" xsi:noNamespaceSchemaLocation="https://maven.apache.org/surefire/maven-surefire-plugin/xsd/surefire-test-report-3.0.xsd" version="3.0" name="com.example.springheader.SpringHeaderApplicationTests" time="1.2" tests="1" errors="0" skipped="0" failures="0">
  <properties>
[...]
</properties>
  <testcase name="contextLoads" classname="com.example.springheader.SpringHeaderApplicationTests" time="0.385">
    <system-out><![CDATA[20:27:09.361 [main] INFO org.springframework.test.context.support.AnnotationConfigContextLoaderUtils -- Could not detect default configuration classes for test class [com.example.springheader.SpringHeaderApplicationTests]: SpringHeaderApplicationTests does not declare any static, non-private, non-final, nested classes annotated with @Configuration.
20:27:09.403 [main] INFO org.springframework.boot.test.context.SpringBootTestContextBootstrapper -- Found @SpringBootConfiguration com.example.springheader.SpringHeaderApplication for test class com.example.springheader.SpringHeaderApplicationTests

  .   ____          _            __ _ _
 /\\ / ___'_ __ _ _(_)_ __  __ _ \ \ \ \
( ( )\___ | '_ | '_| | '_ \/ _` | \ \ \ \
 \\/  ___)| |_)| | | | | || (_| |  ) ) ) )
  '  |____| .__|_| |_|_| |_\__, | / / / /
 =========|_|==============|___/=/_/_/_/
 :: Spring Boot ::                (v3.1.0)

2023-06-12T20:27:09.563-07:00  INFO 99399 --- [           main] c.e.s.SpringHeaderApplicationTests       : Starting SpringHeaderApplicationTests using Java 17.0.7 with PID 99399 (started by virendra in /Users/virendra/Documents/MY-WORKSPACE/POC/BOOT3/spring-header)
2023-06-12T20:27:09.564-07:00  INFO 99399 --- [           main] c.e.s.SpringHeaderApplicationTests       : No active profile set, falling back to 1 default profile: "default"
2023-06-12T20:27:10.097-07:00  INFO 99399 --- [           main] c.e.s.SpringHeaderApplicationTests       : Started SpringHeaderApplicationTests in 0.639 seconds (process running for 1.026)
]]></system-out>
  </testcase>
</testsuite>